Arguments: 
  /usr/local/bin/node /usr/local/Cellar/yarn/1.21.1/libexec/bin/yarn.js add rollup-plugin-commonjs ollup-plugin-node-resolve

PATH: 
  /usr/local/bin:/usr/bin:/bin:/usr/sbin:/sbin:/Library/Apple/usr/bin

Yarn version: 
  1.21.1

Node version: 
  12.14.1

Platform: 
  darwin x64

Trace: 
  Error: https://registry.npmjs.org/ollup-plugin-node-resolve: Not found
      at Request.params.callback [as _callback] (/usr/local/Cellar/yarn/1.21.1/libexec/lib/cli.js:66947:18)
      at Request.self.callback (/usr/local/Cellar/yarn/1.21.1/libexec/lib/cli.js:140665:22)
      at Request.emit (events.js:223:5)
      at Request.<anonymous> (/usr/local/Cellar/yarn/1.21.1/libexec/lib/cli.js:141637:10)
      at Request.emit (events.js:223:5)
      at IncomingMessage.<anonymous> (/usr/local/Cellar/yarn/1.21.1/libexec/lib/cli.js:141559:12)
      at Object.onceWrapper (events.js:312:28)
      at IncomingMessage.emit (events.js:228:7)
      at endReadableNT (_stream_readable.js:1185:12)
      at processTicksAndRejections (internal/process/task_queues.js:81:21)

npm manifest: 
  {
    "name": "react-cli",
    "version": "1.0.0",
    "description": "",
    "main": "index.js",
    "scripts": {
      "build": "babel src --out-dir lib",
      "bu": "rollup src/main.js --file lib/main.js --format cjs",
      "watch": "npm run compile -- --watch",
      "b": "rollup --config rollup.config.js"
    },
    "bin": {
      "create-app": "./bin/www"
    },
    "keywords": [],
    "author": "",
    "license": "ISC",
    "dependencies": {
      "chalk": "^4.0.0",
      "commander": "^5.1.0",
      "fs-extra": "^9.0.1",
      "inquirer": "^7.1.0",
      "ora": "^4.0.4"
    }
  }

yarn manifest: 
  No manifest

Lockfile: 
  No lockfile
